[debug] [2022-06-09T09:30:15.930Z] ----------------------------------------------------------------------
[debug] [2022-06-09T09:30:15.933Z] Command:       C:\Program Files\nodejs\node.exe C:\Users\gs\AppData\Roaming\npm\node_modules\firebase-tools\lib\bin\firebase.js init
[debug] [2022-06-09T09:30:15.934Z] CLI Version:   11.0.1
[debug] [2022-06-09T09:30:15.934Z] Platform:      win32
[debug] [2022-06-09T09:30:15.934Z] Node Version:  v16.14.2
[debug] [2022-06-09T09:30:15.936Z] Time:          Thu Jun 09 2022 15:30:15 GMT+0600 (Bangladesh Standard Time)
[debug] [2022-06-09T09:30:15.936Z] ----------------------------------------------------------------------
[debug] 
[debug] [2022-06-09T09:30:15.948Z] > command requires scopes: ["email","openid","https://www.googleapis.com/auth/cloudplatformprojects.readonly","https://www.googleapis.com/auth/firebase","https://www.googleapis.com/auth/cloud-platform"]
[debug] [2022-06-09T09:30:15.949Z] > authorizing via signed-in user (tccdcc8@gmail.com)
[info] 
     ######## #### ########  ######## ########     ###     ######  ########
     ##        ##  ##     ## ##       ##     ##  ##   ##  ##       ##
     ######    ##  ########  ######   ########  #########  ######  ######
     ##        ##  ##    ##  ##       ##     ## ##     ##       ## ##
     ##       #### ##     ## ######## ########  ##     ##  ######  ########

You're about to initialize a Firebase project in this directory:

  C:\Users\gs\Desktop\React all\Reactapp\myprotfolio

[info] 
=== Project Setup
[info] 
[info] First, let's associate this project directory with a Firebase project.
[info] You can create multiple project aliases by running firebase use --add, 
[info] but for now we'll just set up a default project.
[info] 
[debug] [2022-06-09T09:30:28.631Z] > refreshing access token with scopes: []
[debug] [2022-06-09T09:30:28.633Z] >>> HTTP REQUEST POST https://www.googleapis.com/oauth2/v3/token  
 <request body omitted>
[debug] [2022-06-09T09:30:41.059Z] Authentication Error: Your credentials are no longer valid. Please run firebase login --reauth

For CI servers and headless environments, generate a new token with firebase login:ci
[debug] [2022-06-09T09:30:45.853Z] FirebaseError: Authentication Error: Your credentials are no longer valid. Please run firebase login --reauth

For CI servers and headless environments, generate a new token with firebase login:ci
    at invalidCredentialError (C:\Users\gs\AppData\Roaming\npm\node_modules\firebase-tools\lib\auth.js:145:12)
    at refreshTokens (C:\Users\gs\AppData\Roaming\npm\node_modules\firebase-tools\lib\auth.js:485:15)
    at processTicksAndRejections (node:internal/process/task_queues:96:5)
    at async Client.getAccessToken (C:\Users\gs\AppData\Roaming\npm\node_modules\firebase-tools\lib\apiv2.js:147:23)
    at async Client.addAuthHeader (C:\Users\gs\AppData\Roaming\npm\node_modules\firebase-tools\lib\apiv2.js:138:21)
    at async Client.request (C:\Users\gs\AppData\Roaming\npm\node_modules\firebase-tools\lib\apiv2.js:94:34)
    at async getProjectPage (C:\Users\gs\AppData\Roaming\npm\node_modules\firebase-tools\lib\management\projects.js:239:17)
    at async getFirebaseProjectPage (C:\Users\gs\AppData\Roaming\npm\node_modules\firebase-tools\lib\management\projects.js:256:23)
    at async selectProjectInteractively (C:\Users\gs\AppData\Roaming\npm\node_modules\firebase-tools\lib\management\projects.js:95:41)
    at async doSetup (C:\Users\gs\AppData\Roaming\npm\node_modules\firebase-tools\lib\init\features\project.js:88:27)
    at async init (C:\Users\gs\AppData\Roaming\npm\node_modules\firebase-tools\lib\init\index.js:36:9)
[error] 
[error] Error: Failed to list Firebase projects. See firebase-debug.log for more info.
